# Nmap 7.91 scan initiated Tue Oct 20 22:36:32 2020 as: nmap -sV -sC -oN nmap/blueprint2-fulltcp 10.10.4.180
Nmap scan report for 10.10.4.180
Host is up (0.24s latency).
Not shown: 987 closed ports
PORT      STATE SERVICE      VERSION
80/tcp    open  http         Microsoft IIS httpd 7.5
| http-methods: 
|_  Potentially risky methods: TRACE
|_http-server-header: Microsoft-IIS/7.5
|_http-title: 404 - File or directory not found.
135/tcp   open  msrpc        Microsoft Windows RPC
139/tcp   open  netbios-ssn  Microsoft Windows netbios-ssn
443/tcp   open  ssl/http     Apache httpd 2.4.23 (OpenSSL/1.0.2h PHP/5.6.28)
| http-methods: 
|_  Potentially risky methods: TRACE
|_http-server-header: Apache/2.4.23 (Win32) OpenSSL/1.0.2h PHP/5.6.28
|_http-title: Index of /
| ssl-cert: Subject: commonName=localhost
| Not valid before: 2009-11-10T23:48:47
|_Not valid after:  2019-11-08T23:48:47
|_ssl-date: TLS randomness does not represent time
| tls-alpn: 
|_  http/1.1
445/tcp   open  microsoft-ds Windows 7 Home Basic 7601 Service Pack 1 microsoft-ds (workgroup: WORKGROUP)
3306/tcp  open  mysql        MariaDB (unauthorized)
8080/tcp  open  http         Apache httpd 2.4.23 (OpenSSL/1.0.2h PHP/5.6.28)
| http-methods: 
|_  Potentially risky methods: TRACE
|_http-server-header: Apache/2.4.23 (Win32) OpenSSL/1.0.2h PHP/5.6.28
|_http-title: Index of /
49152/tcp open  msrpc        Microsoft Windows RPC
49153/tcp open  msrpc        Microsoft Windows RPC
49154/tcp open  msrpc        Microsoft Windows RPC
49158/tcp open  msrpc        Microsoft Windows RPC
49159/tcp open  msrpc        Microsoft Windows RPC
49160/tcp open  msrpc        Microsoft Windows RPC
Service Info: Hosts: www.example.com, BLUEPRINT, localhost; OS: Windows; CPE: cpe:/o:microsoft:windows

Host script results:
|_clock-skew: mean: -19m59s, deviation: 34m37s, median: 0s
|_nbstat: NetBIOS name: BLUEPRINT, NetBIOS user: <unknown>, NetBIOS MAC: 02:b5:95:95:a0:a1 (unknown)
| smb-os-discovery: 
|   OS: Windows 7 Home Basic 7601 Service Pack 1 (Windows 7 Home Basic 6.1)
|   OS CPE: cpe:/o:microsoft:windows_7::sp1
|   Computer name: BLUEPRINT
|   NetBIOS computer name: BLUEPRINT\x00
|   Workgroup: WORKGROUP\x00
|_  System time: 2020-10-20T21:38:16+01:00
| smb-security-mode: 
|   account_used: guest
|   authentication_level: user
|   challenge_response: supported
|_  message_signing: disabled (dangerous, but default)
| smb2-security-mode: 
|   2.02: 
|_    Message signing enabled but not required
| smb2-time: 
|   date: 2020-10-20T20:38:17
|_  start_date: 2020-10-20T20:35:27

Service detection performed. Please report any incorrect results at https://nmap.org/submit/ .
# Nmap done at Tue Oct 20 22:38:27 2020 -- 1 IP address (1 host up) scanned in 115.17 seconds
