/index.html (Status: 200)
/.htaccess (Status: 403)
/.htaccess.html (Status: 403)
/.htaccess.php (Status: 403)
/.htaccess.txt (Status: 403)
/. (Status: 200)
/.html (Status: 403)
/.html.php (Status: 403)
/.html.txt (Status: 403)
/.html.html (Status: 403)
/.php (Status: 403)
/.htpasswd (Status: 403)
/.htpasswd.txt (Status: 403)
/.htpasswd.html (Status: 403)
/.htpasswd.php (Status: 403)
/.htm (Status: 403)
/.htm.txt (Status: 403)
/.htm.html (Status: 403)
/.htm.php (Status: 403)
/.htpasswds (Status: 403)
/.htpasswds.html (Status: 403)
/.htpasswds.php (Status: 403)
/.htpasswds.txt (Status: 403)
/.htgroup (Status: 403)
/.htgroup.txt (Status: 403)
/.htgroup.html (Status: 403)
/.htgroup.php (Status: 403)
/wp-forum.phps (Status: 403)
/.htaccess.bak (Status: 403)
/.htaccess.bak.php (Status: 403)
/.htaccess.bak.txt (Status: 403)
/.htaccess.bak.html (Status: 403)
/1.jpg (Status: 200)
/.htuser (Status: 403)
/.htuser.txt (Status: 403)
/.htuser.html (Status: 403)
/.htuser.php (Status: 403)
/.ht (Status: 403)
/.ht.php (Status: 403)
/.ht.txt (Status: 403)
/.ht.html (Status: 403)
/.htc (Status: 403)
/.htc.html (Status: 403)
/.htc.php (Status: 403)
/.htc.txt (Status: 403)
