/images (Status: 301)
/.html (Status: 403)
/.html.php (Status: 403)
/.html.html (Status: 403)
/index.html (Status: 200)
/.htm (Status: 403)
/.htm.php (Status: 403)
/.htm.html (Status: 403)
/. (Status: 200)
/.htaccess (Status: 403)
/.htaccess.php (Status: 403)
/.htaccess.html (Status: 403)
/.htc (Status: 403)
/.htc.php (Status: 403)
/.htc.html (Status: 403)
/.html_var_de (Status: 403)
/.html_var_de.php (Status: 403)
/.html_var_de.html (Status: 403)
/server-status (Status: 403)
/.htpasswd (Status: 403)
/.htpasswd.php (Status: 403)
/.htpasswd.html (Status: 403)
/.html. (Status: 403)
/.html..php (Status: 403)
/.html..html (Status: 403)
/.html.html (Status: 403)
/.html.html.php (Status: 403)
/.html.html.html (Status: 403)
/.htpasswds (Status: 403)
/.htpasswds.php (Status: 403)
/.htpasswds.html (Status: 403)
/.htm. (Status: 403)
/.htm..php (Status: 403)
/.htm..html (Status: 403)
/.htmll (Status: 403)
/.htmll.php (Status: 403)
/.htmll.html (Status: 403)
/.html.old (Status: 403)
/.html.old.php (Status: 403)
/.html.old.html (Status: 403)
/.ht (Status: 403)
/.ht.html (Status: 403)
/.ht.php (Status: 403)
/.html.bak (Status: 403)
/.html.bak.php (Status: 403)
/.html.bak.html (Status: 403)
/.htm.htm (Status: 403)
/.htm.htm.php (Status: 403)
/.htm.htm.html (Status: 403)
/.hta (Status: 403)
/.hta.php (Status: 403)
/.hta.html (Status: 403)
/.html1 (Status: 403)
/.html1.php (Status: 403)
/.html1.html (Status: 403)
/.htgroup (Status: 403)
/.htgroup.html (Status: 403)
/.htgroup.php (Status: 403)
/.html.lck (Status: 403)
/.html.lck.php (Status: 403)
/.html.lck.html (Status: 403)
/.html.printable (Status: 403)
/.html.printable.php (Status: 403)
/.html.printable.html (Status: 403)
/.htm.lck (Status: 403)
/.htm.lck.html (Status: 403)
/.htm.lck.php (Status: 403)
/.htaccess.bak (Status: 403)
/.htaccess.bak.php (Status: 403)
/.htaccess.bak.html (Status: 403)
/.html.php (Status: 403)
/.html.php.php (Status: 403)
/.html.php.html (Status: 403)
/.htmls (Status: 403)
/.htmls.php (Status: 403)
/.htmls.html (Status: 403)
/.htx (Status: 403)
/.htx.php (Status: 403)
/.htx.html (Status: 403)
/.htlm (Status: 403)
/.htlm.php (Status: 403)
/.htlm.html (Status: 403)
/.html- (Status: 403)
/.html-.php (Status: 403)
/.html-.html (Status: 403)
/.htm2 (Status: 403)
/.htm2.php (Status: 403)
/.htm2.html (Status: 403)
/.htuser (Status: 403)
/.htuser.php (Status: 403)
/.htuser.html (Status: 403)
/.htacess (Status: 403)
/.htacess.php (Status: 403)
/.htacess.html (Status: 403)
/.htm.d (Status: 403)
/.htm.d.php (Status: 403)
/.htm.d.html (Status: 403)
/.htm.html (Status: 403)
/.htm.html.html (Status: 403)
/.htm.html.php (Status: 403)
/.htm.old (Status: 403)
/.htm.old.php (Status: 403)
/.htm.old.html (Status: 403)
/.html-1 (Status: 403)
/.html-1.php (Status: 403)
/.html-1.html (Status: 403)
/.html.orig (Status: 403)
/.html.orig.php (Status: 403)
/.html.orig.html (Status: 403)
/.html_files (Status: 403)
/.html_files.php (Status: 403)
/.html_files.html (Status: 403)
/.html.sav (Status: 403)
/.html.sav.php (Status: 403)
/.html_ (Status: 403)
/.htmlpar (Status: 403)
/.htmlpar.php (Status: 403)
/.htmlpar.html (Status: 403)
/.html.sav.html (Status: 403)
/.html_.php (Status: 403)
/.html_.html (Status: 403)
/.htmlprint (Status: 403)
/.htmlprint.php (Status: 403)
/.htmlprint.html (Status: 403)
/.hts (Status: 403)
/.hts.php (Status: 403)
/.hts.html (Status: 403)
