/search (Status: 200)
/archives (Status: 200)
/archive (Status: 200)
/content (Status: 301)
/contacts (Status: 200)
/contact_us (Status: 200)
/contactus (Status: 200)
/contact (Status: 200)
/scripts (Status: 301)
/account (Status: 301)
/Search (Status: 200)
/Contact (Status: 200)
/contact-us (Status: 200)
/admin (Status: 302)
/ContactUs (Status: 200)
/custom (Status: 301)
/Content (Status: 301)
/contactUs (Status: 200)
/Archive (Status: 200)
/contactinfo (Status: 200)
/setup (Status: 302)
/fonts (Status: 301)
/contact_off (Status: 200)
/Contact_Us (Status: 200)
/Contacts (Status: 200)
/SearchResults (Status: 200)
/searchresults (Status: 200)
/Archives (Status: 200)
/search_form (Status: 200)
/Scripts (Status: 301)
/searchresultsbrief (Status: 200)
/searchtips (Status: 200)
/search2 (Status: 200)
/Account (Status: 301)
/contact_form (Status: 200)
/Fonts (Status: 301)
/contact_information (Status: 200)
/Admin (Status: 302)
/archive_query (Status: 200)
/searching (Status: 200)
/search-engines (Status: 200)
/contactform (Status: 200)
/search_results (Status: 200)
/search_left (Status: 200)
/contacto (Status: 200)
/searchengine (Status: 200)
/search_tips (Status: 200)
/contact_sales (Status: 200)
/contact-info (Status: 200)
/searchbutton (Status: 200)
/search_off (Status: 200)
/contact1 (Status: 200)
/search_engines (Status: 200)
/searchengines (Status: 200)
/searchContent (Status: 200)
/contacting (Status: 200)
/Contact-Us (Status: 200)
/search1 (Status: 200)
/search_right (Status: 200)
/search_help (Status: 200)
/search_engine (Status: 200)
/SearchForm (Status: 200)
/searchhelp (Status: 200)
/contact-me (Status: 200)
/search_close (Status: 200)
/search_icon (Status: 200)
/contact2 (Status: 200)
/archives2 (Status: 200)
/Setup (Status: 302)
/search-new (Status: 200)
/contact_info (Status: 200)
/searches (Status: 200)
/contactus_off (Status: 200)
/archive1 (Status: 200)
/Searching (Status: 200)
/SearchNav (Status: 200)
/archived (Status: 200)
/search3 (Status: 200)
/search_btn (Status: 200)
/searchbox (Status: 200)
/search_result (Status: 200)
/Search-Tools (Status: 200)
/searchday (Status: 200)
/search-top (Status: 200)
/searchtop (Status: 200)
/search_adv (Status: 200)
/search_attrib (Status: 200)
/search_top (Status: 200)
/searchform (Status: 200)
/contact-off (Status: 200)
/search_2 (Status: 200)
/searchbar (Status: 200)
/Contact_us (Status: 200)
/search_header (Status: 200)
/search_view (Status: 200)
/search!default (Status: 200)
/contactgnw (Status: 200)
/Custom (Status: 301)
/SearchProduct (Status: 200)
/SEARCH (Status: 200)
/search_en (Status: 200)
/search_tools (Status: 200)
/search_getprod (Status: 200)
/search_1 (Status: 200)
/searchproduct (Status: 200)
/search_windows (Status: 200)
/search_advanced (Status: 200)
/search-left (Status: 200)
/contactbutton (Status: 200)
/Search_Engines (Status: 200)
/CONTACT (Status: 200)
/search_button (Status: 200)
/contactsales (Status: 200)
/searchtools (Status: 200)
/searchindex (Status: 200)
/contacttables (Status: 200)
/search_vista (Status: 200)
/search_anydvd (Status: 200)
/search_tomtom (Status: 200)
/search_nero (Status: 200)
/search_kaspersky (Status: 200)
/search-tips (Status: 200)
/contactme (Status: 200)
/search_title (Status: 200)
/contact_en (Status: 200)
/searchResults (Status: 200)
/SearchResult (Status: 200)
/search-marketing (Status: 200)
/search_head (Status: 200)
/searchresult (Status: 200)
/searchsite (Status: 200)
/search_for (Status: 200)
/contactar (Status: 200)
/SearchHelp (Status: 200)
/Archive-Zip (Status: 200)
/contact_up (Status: 200)
/contact_list (Status: 200)
/search-engine (Status: 200)
/SearchInform (Status: 200)
/search-adv (Status: 200)
/contactlist (Status: 200)
/search-right (Status: 200)
/contact_index (Status: 200)
/search_3 (Status: 200)
/archive2003 (Status: 200)
/contact_pair (Status: 200)
/search_www (Status: 200)
/ARCHIVE (Status: 200)
/search_n (Status: 200)
/search_4 (Status: 200)
/search_v2 (Status: 200)
/search_ (Status: 200)
/contact-en (Status: 200)
/contact_editor (Status: 200)
/search-CO (Status: 200)
/searchright (Status: 200)
/searchleft (Status: 200)
/searchsecurity (Status: 200)
/search_avi (Status: 200)
/searchForm (Status: 200)
/search_nav (Status: 200)
/search_site (Status: 200)
/contact-form (Status: 200)
/search_marketing (Status: 200)
/search_avast (Status: 200)
/search_knowledge (Status: 200)
/searchfor (Status: 200)
/search_archives (Status: 200)
/archive_news (Status: 200)
/searchadv (Status: 200)
/searchSecurity (Status: 200)
/searchcode (Status: 200)
/archive2 (Status: 200)
/search_rss (Status: 200)
/contact-tables (Status: 200)
/SearchStandardRA9 (Status: 200)
/searcher (Status: 200)
/search_advance (Status: 200)
/searchProfile!input (Status: 200)
/search-inside (Status: 200)
/searchguide (Status: 200)
/search_txt (Status: 200)
/archiver (Status: 200)
/search-HI (Status: 200)
/search-ID (Status: 200)
/search-IL (Status: 200)
/search-GA (Status: 200)
/search-IA (Status: 200)
/search-IN (Status: 200)
/search-AK (Status: 200)
/search-AZ (Status: 200)
/search-AR (Status: 200)
/search-CA (Status: 200)
/search-CT (Status: 200)
/search-DE (Status: 200)
/search-KS (Status: 200)
/search-FL (Status: 200)
/search-MO (Status: 200)
/search-MT (Status: 200)
/search-NV (Status: 200)
/search-NH (Status: 200)
/search-NM (Status: 200)
/search-NJ (Status: 200)
/search-MS (Status: 200)
/search-NY (Status: 200)
/search-MI (Status: 200)
/search-MN (Status: 200)
/search-KY (Status: 200)
/search-ME (Status: 200)
/search-LA (Status: 200)
/search-MA (Status: 200)
/search-MD (Status: 200)
/search-NC (Status: 200)
/search-AL (Status: 200)
/search-WV (Status: 200)
/search-WY (Status: 200)
/search-DC (Status: 200)
/search-VA (Status: 200)
/search-OH (Status: 200)
/search-OK (Status: 200)
/search-PA (Status: 200)
/search-RI (Status: 200)
/search-SC (Status: 200)
/search-TN (Status: 200)
/search-SD (Status: 200)
/search-TX (Status: 200)
/search-UT (Status: 200)
/search-VT (Status: 200)
/archive_2006-m11 (Status: 200)
/search_blue (Status: 200)
/Contact_Tables (Status: 200)
/search_go (Status: 200)
/contactoff (Status: 200)
/Contact_Management (Status: 200)
/ContactUsForm (Status: 200)
/searchall (Status: 200)
/search-ico (Status: 200)
/search-NE (Status: 200)
/search-WA (Status: 200)
/search-ND (Status: 200)
/searchnews (Status: 200)
/contact_main (Status: 200)
/search_index (Status: 200)
/contact_icon (Status: 200)
/search-icon (Status: 200)
/search_options (Status: 200)
/search-events (Status: 200)
/search_sims (Status: 200)
/search_spyware-doctor (Status: 200)
/search_norton (Status: 200)
/search_avg (Status: 200)
/search_music (Status: 200)
/contactus1 (Status: 200)
/search_bottom (Status: 200)
/contactenos (Status: 200)
/contact_call (Status: 200)
/contact_title (Status: 200)
/search_text (Status: 200)
/contact_button (Status: 200)
/Contact%20Us (Status: 200)
/search-16x16 (Status: 200)
/search_web (Status: 200)
/searchicom (Status: 200)
/contact-details (Status: 200)
/searchreg (Status: 200)
/searchWin2000 (Status: 200)
/archive2004 (Status: 200)
/archive2001 (Status: 200)
/SearchView (Status: 200)
/search-WI (Status: 200)
/search-OR (Status: 200)
/contactus-off (Status: 200)
/search-bool (Status: 200)
/search_sex (Status: 200)
/search_saw (Status: 200)
/search_windows-vista (Status: 200)
/search_xxx (Status: 200)
/Contactus (Status: 200)
/search_office-2007 (Status: 200)
/search_games (Status: 200)
/search_french (Status: 200)
/search_porn (Status: 200)
/search_hentai (Status: 200)
/search_jobs (Status: 200)
/contact_details (Status: 200)
/search_eragon (Status: 200)
/archive_search (Status: 200)
/search_preteen (Status: 200)
/searchq (Status: 200)
/contactinformation (Status: 200)
/archives1 (Status: 200)
/archive2006 (Status: 200)
/contact_support (Status: 200)
/contact_e (Status: 200)
/contactussupport (Status: 200)
/search_winrar (Status: 200)
/search_alcohol (Status: 200)
/search_Nod32 (Status: 200)
/searchx (Status: 200)
/contacte (Status: 200)
/search-results (Status: 200)
/contact_head (Status: 200)
/Contact Us (Status: 200)
/search-tools (Status: 200)
/archive02 (Status: 200)
/search_lockdown (Status: 200)
/searchbox_top (Status: 200)
/search_sm (Status: 200)
/SearchIndex (Status: 200)
/search_tweakmaster (Status: 200)
/contactInformation (Status: 200)
/search_ediuspro4 (Status: 200)
/search_sweaw (Status: 200)
/ContactInfo (Status: 200)
/search_dr (Status: 200)
/search_msn (Status: 200)
/search_office (Status: 200)
/archive_2006-m12 (Status: 200)
/archive_2006-m08 (Status: 200)
/archive_2005-w43 (Status: 200)
/archive_2005-w14 (Status: 200)
/archive_2005-w16 (Status: 200)
/archive_2005-w18 (Status: 200)
/archive_2005-w23 (Status: 200)
/contact-lenses (Status: 200)
/contact_forms (Status: 200)
/search-1 (Status: 200)
/search-line (Status: 200)
/search_label (Status: 200)
/searchNetworking (Status: 200)
/searchtool (Status: 200)
/search-help (Status: 200)
/SearchEngines (Status: 200)
/searchHelpPage (Status: 200)
/search_01 (Status: 200)
/search_02 (Status: 200)
/contact_web (Status: 200)
/archives_off (Status: 200)
/contactcw (Status: 200)
/archive_2006-m03 (Status: 200)
/archive_2006-m02 (Status: 200)
/archive_2006-m04 (Status: 200)
/search-en (Status: 200)
/search_new (Status: 200)
/contactless (Status: 200)
/contact_top (Status: 200)
/search97cgi (Status: 200)
/contactbut (Status: 200)
/contact_new (Status: 200)
/http%3A%2F%2Fblog (Status: 200)
/Contact_Blog (Status: 200)
/Contact_WWW (Status: 200)
/Contact_OffLine (Status: 200)
/searchTop (Status: 200)
/archive2005 (Status: 200)
/contact_reseller (Status: 200)
/contactu (Status: 200)
/archivespg2 (Status: 200)
/contact_address (Status: 200)
/contactmap_small (Status: 200)
/contactmap_large (Status: 200)
/contacttitle (Status: 200)
/search_6 (Status: 200)
/searchpro (Status: 200)
/contact_secunia (Status: 200)
/searchcloud (Status: 200)
/search_end (Status: 200)
/Contact_AddressBook (Status: 200)
/search_search (Status: 200)
/archive2000 (Status: 200)
/archive2002 (Status: 200)
/Archive_Zip (Status: 200)
/Archive_Tar (Status: 200)
/Search_Mnogosearch (Status: 200)
/SCRIPTS (Status: 301)
/search_contents (Status: 200)
/search_packages (Status: 200)
/search_on (Status: 200)
/contactmap_thumb (Status: 200)
/contact_on (Status: 200)
/contact_a (Status: 200)
/searchout (Status: 200)
/contact_osdl (Status: 200)
/contactVOA (Status: 200)
/search_srcHeader (Status: 200)
/searchareaborder (Status: 200)
/ContactOff (Status: 200)
/contact%20us (Status: 200)
/searchtitle (Status: 200)
/search-cat (Status: 200)
/searchbottom (Status: 200)
/searchhistory (Status: 200)
/searchlogo_dmoz (Status: 200)
/contact_remove (Status: 200)
/search_city (Status: 200)
/searchType (Status: 200)
/contactUsForm (Status: 200)
/search-btn (Status: 200)
/searchinform (Status: 200)
/searchdetail (Status: 200)
/contacts_fr (Status: 200)
/search_slant (Status: 200)
/contactdetails (Status: 200)
/Contact_Information (Status: 200)
/contactless_cre (Status: 200)
/archive_button (Status: 200)
/SearchBox (Status: 200)
/search-button (Status: 200)
/contacthp (Status: 200)
/ContactUsHome (Status: 200)
/contactusbutton (Status: 200)
/search-name (Status: 200)
/contact-emb (Status: 200)
/contact_0 (Status: 200)
/ContactMe (Status: 200)
/contact_pre (Status: 200)
/searchjb (Status: 200)
/searchcareers (Status: 200)
/archives05 (Status: 200)
/contact01 (Status: 200)
/search_yellow (Status: 200)
/archives03 (Status: 200)
/Search2 (Status: 200)
/Contact_Sales (Status: 200)
/searchSecurityChannel (Status: 200)
/search_angle (Status: 200)
/contact0 (Status: 200)
/search-box (Status: 200)
/searchengineoptimization (Status: 200)
/searchlight (Status: 200)
/search-animated (Status: 200)
/contact_btn (Status: 200)
/contactyourlegislator (Status: 200)
/archive01 (Status: 200)
/SearchTips (Status: 200)
/search_fr (Status: 200)
/searchAction (Status: 200)
/search_corner (Status: 200)
/searchtext (Status: 200)
/SearchAgent (Status: 200)
/search_curve (Status: 200)
/archive-other (Status: 200)
/archive-coe (Status: 200)
/archivesdate (Status: 200)
/CUSTOM (Status: 301)
/archive-crawler (Status: 200)
/contactHP (Status: 200)
/contacter (Status: 200)
/archiveMortgages (Status: 200)
/contact_ico (Status: 200)
/searchulatorForm (Status: 200)
/searchulator (Status: 200)
/contactrepCFM (Status: 200)
/Archive2006 (Status: 200)
/search-bottom (Status: 200)
/archive_2006-m05 (Status: 200)
/searchSteps (Status: 200)
/search_e (Status: 200)
/contacts_blue (Status: 200)
/Search_Bots (Status: 200)
/contact_base (Status: 200)
/searchcap (Status: 200)
/archive_2005-m10 (Status: 200)
/archive_2005-m12 (Status: 200)
/archive_2005-m09 (Status: 200)
/archive_2004-m01 (Status: 200)
/archive_2005-m02 (Status: 200)
/archive_2005-m01 (Status: 200)
/archive_2005-m08 (Status: 200)
/archive_2006-m01 (Status: 200)
/search_tab (Status: 200)
/Searchresults (Status: 200)
/Contact_Info (Status: 200)
/search_headlines (Status: 200)
/archives_title (Status: 200)
/search_hd (Status: 200)
/searchFor (Status: 200)
/Archive-TarGzip (Status: 200)
/contactform_menu (Status: 200)
/ContactPage (Status: 200)
/archive_2005 (Status: 200)
/Archives_Map (Status: 200)
/SearchQA (Status: 200)
/contactos (Status: 200)
/Search%20results (Status: 200)
/SearchResults_BG (Status: 200)
/search_home (Status: 200)
/Contact-us (Status: 200)
/ARCHIVES (Status: 200)
/SearchAdvanced (Status: 200)
/SearchWiki (Status: 200)
/searchStorage (Status: 200)
/search-ccsb (Status: 200)
/search-au (Status: 200)
/contactcenter (Status: 200)
/searchLeft (Status: 200)
/search_swf (Status: 200)
/search_aurora (Status: 200)
/search_drweb33 (Status: 200)
/search_yassakv6 (Status: 200)
/searchegnine (Status: 200)
/searchpages (Status: 200)
/search_vibeke (Status: 200)
/search_acdsee (Status: 200)
/search_vibeke-skofterud (Status: 200)
/search_warcraft (Status: 200)
/search_teen (Status: 200)
/search_anal (Status: 200)
/search_dicey-business (Status: 200)
/search_driver-detective (Status: 200)
/search_lolita (Status: 200)
/search_model (Status: 200)
/search_pfconfig (Status: 200)
/search_oban (Status: 200)
/search_regcure (Status: 200)
/search_rape (Status: 200)
/search_sandra (Status: 200)
/search_sandra-model (Status: 200)
/search_sandra-mod (Status: 200)
/search_system-mechanic (Status: 200)
/searchspace (Status: 200)
/search_Prison-break (Status: 200)
/search_Skofterud (Status: 200)
/search_E35614A8-CAB (Status: 200)
/search_XBOX360 (Status: 200)
/archives-en (Status: 200)
/searchtorrents (Status: 200)
/SearchAppSecurity (Status: 200)
/search_v3 (Status: 200)
/archives_en (Status: 200)
/contactOff (Status: 200)
/contactcongress (Status: 200)
/archive_virus (Status: 200)
/Search_0 (Status: 200)
/searchblogbook (Status: 200)
/searchmob (Status: 200)
/searchworld (Status: 200)
/searchenginewatch (Status: 200)
/contact-e (Status: 200)
/ContactYourRegulator (Status: 200)
/contact-faq (Status: 200)
/search_btn1 (Status: 200)
/contact_csp (Status: 200)
/contactmap (Status: 200)
/contact_email (Status: 200)
/archive-032005 (Status: 200)
/contact_1 (Status: 200)
/searchlogo (Status: 200)
/contactNav-off (Status: 200)
/search_up (Status: 200)
/search_img (Status: 200)
/search_Virus-Bursters (Status: 200)
/search_Style (Status: 200)
/search_REGCURE (Status: 200)
/search_Moyea (Status: 200)
/search_Medieval (Status: 200)
/search_DFX (Status: 200)
/search_Driver-detective (Status: 200)
/search_ACDSee (Status: 200)
/search_winzip (Status: 200)
/search_virusbursters (Status: 200)
/search_virtual (Status: 200)
/search_carbon (Status: 200)
/search_camfrog (Status: 200)
/search_bitdefender (Status: 200)
/search_any-dvd (Status: 200)
/search_anno (Status: 200)
/search_anno-1701 (Status: 200)
/search_WinDVD (Status: 200)
/search_convertmovie (Status: 200)
/search_diskeeper (Status: 200)
/search_registry-mechanic (Status: 200)
/search_power-dvd (Status: 200)
/search_norton-2007 (Status: 200)
/search_nfs-carbon (Status: 200)
/search_neverwinter-nights (Status: 200)
/search_dvdfab-platinum (Status: 200)
/search_gothic (Status: 200)
/search_VirusBusters (Status: 200)
/contactpersonen (Status: 200)
/search_large (Status: 200)
/search-form (Status: 200)
/search_5 (Status: 200)
/contactinformatie (Status: 200)
/contactsalesform (Status: 200)
/searchrightcap (Status: 200)
/searchleftcap (Status: 200)
/archive_page (Status: 200)
/Contact-PartSelect (Status: 200)
/archive-1 (Status: 200)
/searchnist (Status: 200)
/search_banner (Status: 200)
/searchplugin (Status: 200)
/contact_dymeta (Status: 200)
/archived_webcasts (Status: 200)
/searchinventory (Status: 200)
/searchedgar (Status: 200)
/searchspy (Status: 200)
/contactsap (Status: 200)
/Searches (Status: 200)
/search_templates (Status: 200)
/searchinsider (Status: 200)
/searchExchange (Status: 200)
/contact_aod (Status: 200)
/contact_station (Status: 200)
/contactOn (Status: 200)
/archive-data (Status: 200)
/searchbyisbn (Status: 200)
/contact_faq (Status: 200)
/searchforlife (Status: 200)
/contactus30 (Status: 200)
/contact_cert (Status: 200)
/search-browse (Status: 200)
/archiveScriptingCom (Status: 200)
/searchOpenSource (Status: 200)
/contactformIAc (Status: 200)
/searchBottom (Status: 200)
/archive-112005 (Status: 200)
/ContactUsOff (Status: 200)
/contact-sales (Status: 200)
/searchproducts (Status: 200)
/contactus_form (Status: 200)
/search_f (Status: 200)
/contact_landing (Status: 200)
/SearchExplorer (Status: 200)
/search_book (Status: 200)
/archive_l (Status: 200)
/archivetop (Status: 200)
/contactDice (Status: 200)
/search_news (Status: 200)
/searchirc (Status: 200)
/contact-innovationowl (Status: 200)
/searchHelp (Status: 200)
/search_launch (Status: 200)
/contactfortune (Status: 200)
/contactmanager (Status: 200)
/Archive_1 (Status: 200)
/archive_front (Status: 200)
/searchlabel (Status: 200)
/archive-052005 (Status: 200)
/searchredir (Status: 200)
/SETUP (Status: 302)
/contact_management (Status: 200)
/contact_advertise (Status: 200)
/searchmodule (Status: 200)
/Search%20Engine (Status: 200)
/search_cat (Status: 200)
/archivedproducts (Status: 200)
/contactsyndication (Status: 200)
/contactperson (Status: 200)
/searchcovers (Status: 200)
/search_sub (Status: 200)
/searchbox_bottom (Status: 200)
/search4 (Status: 200)
/search_w (Status: 200)
/searchframe (Status: 200)
/search_cc (Status: 200)
/contact-cl (Status: 200)
/contact_webmaster (Status: 200)
/archives3 (Status: 200)
/search_btm (Status: 200)
/CONTACT%20US (Status: 200)
/search_all (Status: 200)
/contact-editor (Status: 200)
/Contact-Tables (Status: 200)
/contactbox (Status: 200)
/contactb (Status: 200)
/archive1999 (Status: 200)
/search_lost (Status: 200)
/search_house (Status: 200)
/search_prison-break (Status: 200)
/search_psp (Status: 200)
/search_smallville (Status: 200)
/search_heroes (Status: 200)
/search_happy-feet (Status: 200)
/search_apocalypto (Status: 200)
/search_greys-anatomy (Status: 200)
/search_desperate-housewives (Status: 200)
/search_casino-royale (Status: 200)
/search_deja (Status: 200)
/search_borat (Status: 200)
/search_call-duty (Status: 200)
/search_axxo (Status: 200)
/searchbar_header (Status: 200)
/archive_list (Status: 200)
/search_ico (Status: 200)
/archive_1 (Status: 200)
/archivejoymain (Status: 200)
/archive200407 (Status: 200)
/archive200409 (Status: 200)
/archive200408 (Status: 200)
/archive200410 (Status: 200)
/archive200412 (Status: 200)
/archive200501 (Status: 200)
/archive200502 (Status: 200)
/archive200503 (Status: 200)
/archive200504 (Status: 200)
/archive200406 (Status: 200)
/archive200405 (Status: 200)
/archive200403 (Status: 200)
/archive200404 (Status: 200)
/archive200505 (Status: 200)
/archive200506 (Status: 200)
/archive200607 (Status: 200)
/archive200507 (Status: 200)
/archive200606 (Status: 200)
/archive200508 (Status: 200)
/archive200509 (Status: 200)
/archive200511 (Status: 200)
/archive200512 (Status: 200)
/archive200603 (Status: 200)
/archive200602 (Status: 200)
/archive200601 (Status: 200)
/archive200604 (Status: 200)
/contact_small (Status: 200)
/archived_topics (Status: 200)
/SearchKB (Status: 200)
/ContactInvestorRelations (Status: 200)
/searchmarketing (Status: 200)
/searchAdvanced (Status: 200)
/search-l (Status: 200)
/searchArticle (Status: 200)
/search-software (Status: 200)
/searchviews (Status: 200)
/search%20engine%20share%2072906 (Status: 200)
/archivedStory (Status: 200)
/searchline (Status: 200)
/search_airfare (Status: 200)
/search-more (Status: 200)
/search-img (Status: 200)
/search-glass (Status: 200)
/search_page (Status: 200)
/contact_inline (Status: 200)
/SearchCustomization (Status: 200)
/search_members (Status: 200)
/SearchEngine (Status: 200)
/search-jobs (Status: 200)
/searchfeedback (Status: 200)
/searcharrow (Status: 200)
/contactpr (Status: 200)
/contact_request (Status: 200)
/contact_header (Status: 200)
/archivelist (Status: 200)
/searchmenu (Status: 200)
/searchheader (Status: 200)
/SearchServlet (Status: 200)
/SearchUserServlet (Status: 200)
/search_styles (Status: 200)
/search_getoffers (Status: 200)
/Search1 (Status: 200)
/search_b (Status: 200)
/archive_2005-w01 (Status: 200)
/archive_2005-w49 (Status: 200)
/archive_2006-w05 (Status: 200)
/archive_2006-w08 (Status: 200)
/archive_2006-w15 (Status: 200)
/archive_2006-w18 (Status: 200)
/archive_2006-w20 (Status: 200)
/archive_2006-w34 (Status: 200)
/archive_2006-m09 (Status: 200)
/archive_2005-w46 (Status: 200)
/archive_2006-m10 (Status: 200)
/archive_2005-w31 (Status: 200)
/archive_2005-w02 (Status: 200)
/archive_2005-w13 (Status: 200)
/archive_2005-w05 (Status: 200)
/archive_2005-w15 (Status: 200)
/archive_2005-w17 (Status: 200)
/archive_2005-w20 (Status: 200)
/archive_2005-w21 (Status: 200)
/archive_2005-w27 (Status: 200)
/archive_2005-w24 (Status: 200)
/contacts_en (Status: 200)
/search-text (Status: 200)
/searchengineinphp (Status: 200)
/searchicon (Status: 200)
/searchSMB (Status: 200)
/contact_nav (Status: 200)
/searchmanual (Status: 200)
/search_9 (Status: 200)
/searchdeep_97x72 (Status: 200)
/archive_j (Status: 200)
/contactusmsft (Status: 200)
/contactbug (Status: 200)
/contact-support (Status: 200)
/contactN (Status: 200)
/SearchIndexingRobotsSecurity (Status: 200)
/contacting-me (Status: 200)
